dict_keys(['root.model.embed_tokens', 'root.model.layers.0', 'root.model.layers.1', 'root.model.layers.2', 'root.model.layers.3', 'root.model.layers.4', 'root.model.layers.5', 'root.model.layers.6', 'root.model.layers.7', 'root.model.layers.8', 'root.model.layers.9', 'root.model.layers.10', 'root.model.layers.11', 'root.model.layers.12', 'root.model.layers.13', 'root.model.layers.14', 'root.model.layers.15', 'root.model.layers.16', 'root.model.layers.17', 'root.model.layers.18', 'root.model.layers.19', 'root.model.layers.20', 'root.model.layers.21', 'root.model.layers.22', 'root.model.layers.23', 'root.model.layers.24', 'root.model.layers.25', 'root.model.layers.26', 'root.model.layers.27', 'root.model.layers.28', 'root.model.layers.29', 'root.model.layers.30', 'root.model.layers.31', 'root.model.layers.32', 'root.model.layers.33', 'root.model.layers.34', 'root.model.layers.35', 'root.model.layers.36', 'root.model.layers.37', 'root.model.layers.38', 'root.model.layers.39', 'root.model.norm', 'root.lm_head'])
0-th round
splits: [0, 4, 19, 29, 34, 40, 43]
x: [0.10301, 0.48131000000000007, 0.30981000000000003, 0.15541000000000002, 0.18576, 0.03453]
std_dev: 0.16084730279574685
1-th round
splits: [0, 18, 19, 28, 30, 41, 43]
x: [0.5534100000000001, 0.03091, 0.27880000000000005, 0.061930000000000006, 0.34121999999999997, 0.0035600000000000002]
std_dev: 0.2174772991754925
2-th round
splits: [0, 14, 17, 19, 30, 36, 43]
x: [0.42945000000000005, 0.09293, 0.06194, 0.34073000000000003, 0.18647000000000002, 0.15831]
std_dev: 0.14428111178067166
3-th round
splits: [0, 5, 27, 36, 39, 42, 43]
x: [0.13665, 0.6955300000000002, 0.27934000000000003, 0.09288, 0.0641, 0.00133]
std_dev: 0.2547385355549229
4-th round
splits: [0, 8, 13, 17, 27, 42, 43]
x: [0.2377, 0.16082, 0.12386, 0.30979999999999996, 0.43632000000000004, 0.00133]
std_dev: 0.1518643529491588
5-th round
splits: [0, 9, 12, 23, 38, 40, 43]
x: [0.2714, 0.09606999999999999, 0.34093999999999997, 0.46507, 0.06182, 0.03453]
std_dev: 0.17417630256916888
6-th round
splits: [0, 6, 11, 31, 37, 38, 43]
x: [0.17032999999999998, 0.16617, 0.6194299999999999, 0.18656, 0.03099, 0.09634999999999999]
std_dev: 0.2081451099994104
7-th round
splits: [0, 5, 7, 11, 13, 42, 43]
x: [0.13665, 0.06735000000000001, 0.1325, 0.062020000000000006, 0.86998, 0.00133]
std_dev: 0.32641514667163757
8-th round
splits: [0, 2, 18, 23, 33, 35, 43]
x: [0.03545, 0.5179600000000001, 0.155, 0.3101, 0.062090000000000006, 0.18923]
std_dev: 0.1792454910358045
9-th round
splits: [0, 1, 2, 5, 14, 37, 43]
x: [0.0012, 0.03425, 0.10120000000000001, 0.2928, 0.71304, 0.12734]
std_dev: 0.265723388087437
10-th round
splits: [0, 9, 11, 25, 29, 31, 43]
x: [0.2714, 0.06509999999999999, 0.43382999999999994, 0.12380000000000002, 0.06180000000000001, 0.3139]
std_dev: 0.15168297470931488
11-th round
splits: [0, 10, 21, 25, 26, 28, 43]
x: [0.30506, 0.34115, 0.12412000000000001, 0.03095, 0.061840000000000006, 0.40671]
std_dev: 0.15893464561468865
12-th round
splits: [0, 1, 16, 17, 33, 41, 43]
x: [0.0012, 0.4901100000000001, 0.03107, 0.49612999999999996, 0.24776, 0.0035600000000000002]
std_dev: 0.23663159564324174
13-th round
splits: [0, 8, 13, 19, 25, 26, 43]
x: [0.2377, 0.16082, 0.1858, 0.18601, 0.03095, 0.46855]
std_dev: 0.14369274350734162
14-th round
splits: [0, 9, 14, 25, 38, 42, 43]
x: [0.2714, 0.15804999999999997, 0.34087999999999996, 0.40315000000000006, 0.09502, 0.00133]
std_dev: 0.15339669089216582
15-th round
splits: [0, 1, 8, 9, 30, 38, 43]
x: [0.0012, 0.23650000000000002, 0.0337, 0.6536499999999998, 0.24843, 0.09634999999999999]
std_dev: 0.23940918323378207
16-th round
splits: [0, 22, 26, 28, 29, 42, 43]
x: [0.6774600000000001, 0.12382000000000001, 0.061840000000000006, 0.031010000000000003, 0.37437000000000004, 0.00133]
std_dev: 0.26475619376450227
17-th round
splits: [0, 13, 14, 18, 22, 40, 43]
x: [0.39852000000000004, 0.03093, 0.12396, 0.12405, 0.55784, 0.03453]
std_dev: 0.2164081426764406
18-th round
splits: [0, 21, 26, 29, 39, 41, 43]
x: [0.6462100000000001, 0.15507, 0.09285000000000002, 0.31027000000000005, 0.06187, 0.0035600000000000002]
std_dev: 0.23732615957088818
19-th round
splits: [0, 7, 10, 15, 28, 36, 43]
x: [0.204, 0.10106, 0.15532, 0.40274, 0.2484, 0.15831]
std_dev: 0.10599324967499894
20-th round
splits: [0, 7, 17, 26, 34, 36, 43]
x: [0.204, 0.31838, 0.2789, 0.24826, 0.06198000000000001, 0.15831]
std_dev: 0.09225934498286158
21-th round
splits: [0, 2, 24, 31, 33, 35, 43]
x: [0.03545, 0.7039300000000002, 0.21655, 0.06258, 0.062090000000000006, 0.18923]
std_dev: 0.2523896838158539
22-th round
splits: [0, 3, 9, 19, 25, 40, 43]
x: [0.06926, 0.20214000000000004, 0.31292, 0.18601, 0.46497000000000005, 0.03453]
std_dev: 0.1592613516728609
23-th round
splits: [0, 12, 18, 27, 28, 37, 43]
x: [0.36747, 0.18594, 0.27877, 0.030940000000000002, 0.27937, 0.12734]
std_dev: 0.12148765260991204
24-th round
splits: [0, 10, 14, 20, 22, 37, 43]
x: [0.30506, 0.12439000000000001, 0.18580000000000002, 0.06221, 0.46503, 0.12734]
std_dev: 0.14876146778203914
25-th round
splits: [0, 11, 27, 35, 37, 41, 43]
x: [0.3365, 0.4956799999999999, 0.24842000000000003, 0.06189, 0.12378, 0.0035600000000000002]
std_dev: 0.18496661216734941
26-th round
splits: [0, 3, 8, 10, 29, 42, 43]
x: [0.06926, 0.16844000000000003, 0.06736, 0.5890699999999999, 0.37437000000000004, 0.00133]
std_dev: 0.22632709810508034
27-th round
splits: [0, 2, 4, 5, 20, 29, 43]
x: [0.03545, 0.06756000000000001, 0.03364, 0.4786, 0.27888, 0.37570000000000003]
std_dev: 0.19297176232979443
28-th round
splits: [0, 19, 33, 40, 41, 42, 43]
x: [0.5843200000000001, 0.43419, 0.21679, 0.03097, 0.00223, 0.00133]
std_dev: 0.24866439249853742
29-th round
splits: [0, 4, 7, 17, 20, 27, 43]
x: [0.10301, 0.10099000000000001, 0.31838, 0.09287000000000001, 0.21693, 0.43765000000000004]
std_dev: 0.14188174236548784
30-th round
splits: [0, 6, 8, 13, 24, 36, 43]
x: [0.17032999999999998, 0.06737000000000001, 0.16082, 0.34085999999999994, 0.37213999999999997, 0.15831]
std_dev: 0.11866353162057272
31-th round
splits: [0, 3, 9, 23, 25, 30, 43]
x: [0.06926, 0.20214000000000004, 0.43700999999999995, 0.06192, 0.15472000000000002, 0.34478]
std_dev: 0.15135136318073472
32-th round
splits: [0, 3, 7, 12, 16, 24, 43]
x: [0.06926, 0.13474000000000003, 0.16347, 0.12383999999999999, 0.24807, 0.53045]
std_dev: 0.16684233532490086
33-th round
splits: [0, 3, 5, 6, 10, 11, 43]
x: [0.06926, 0.06739, 0.03368, 0.13473000000000002, 0.03144, 0.93333]
std_dev: 0.3555203321002424
34-th round
splits: [0, 1, 2, 11, 20, 42, 43]
x: [0.0012, 0.03425, 0.30105000000000004, 0.27875, 0.6532500000000001, 0.00133]
std_dev: 0.2559295973830824
35-th round
splits: [0, 15, 18, 19, 24, 32, 43]
x: [0.46038000000000007, 0.09303, 0.03091, 0.15506, 0.24751, 0.28294]
std_dev: 0.15373672032623395
36-th round
splits: [0, 3, 11, 16, 28, 40, 43]
x: [0.06926, 0.26724000000000003, 0.15481, 0.37181, 0.37218, 0.03453]
std_dev: 0.14791115298268304
37-th round
splits: [0, 9, 10, 12, 32, 37, 43]
x: [0.2714, 0.033659999999999995, 0.06241000000000001, 0.61942, 0.15560000000000002, 0.12734]
std_dev: 0.21635583231488506
38-th round
splits: [0, 2, 22, 29, 36, 42, 43]
x: [0.03545, 0.6420100000000001, 0.21667000000000003, 0.21739000000000003, 0.15698, 0.00133]
std_dev: 0.22958119613040323
39-th round
splits: [0, 5, 6, 14, 22, 23, 43]
x: [0.13665, 0.03368, 0.25912, 0.24801, 0.03095, 0.56142]
std_dev: 0.19792186007782633
40-th round
splits: [0, 1, 2, 9, 31, 40, 43]
x: [0.0012, 0.03425, 0.23595000000000002, 0.6845299999999999, 0.27937, 0.03453]
std_dev: 0.2592000921617634
41-th round
splits: [0, 7, 11, 19, 22, 40, 43]
x: [0.204, 0.1325, 0.24781999999999998, 0.09314, 0.55784, 0.03453]
std_dev: 0.1859543727280073
42-th round
splits: [0, 7, 13, 18, 27, 38, 43]
x: [0.204, 0.19452, 0.15489, 0.27877, 0.34130000000000005, 0.09634999999999999]
std_dev: 0.08738645556759166
43-th round
splits: [0, 2, 6, 8, 31, 33, 43]
x: [0.03545, 0.13488, 0.06737000000000001, 0.7182300000000001, 0.06258, 0.25132000000000004]
std_dev: 0.2600675530254912
44-th round
splits: [0, 1, 9, 15, 17, 25, 43]
x: [0.0012, 0.2702, 0.18897999999999998, 0.062, 0.24795, 0.49950000000000006]
std_dev: 0.17595548760032087
45-th round
splits: [0, 3, 4, 21, 33, 36, 43]
x: [0.06926, 0.03375, 0.5432, 0.3723, 0.09301000000000001, 0.15831]
std_dev: 0.2022759261421553
46-th round
splits: [0, 2, 21, 29, 31, 33, 43]
x: [0.03545, 0.6107600000000001, 0.24792000000000003, 0.06180000000000001, 0.06258, 0.25132000000000004]
std_dev: 0.21812901709003935
47-th round
splits: [0, 1, 2, 17, 28, 35, 43]
x: [0.0012, 0.03425, 0.4869300000000001, 0.34074, 0.21748, 0.18923]
std_dev: 0.183706240222445
48-th round
splits: [0, 16, 22, 29, 31, 40, 43]
x: [0.4913100000000001, 0.18615, 0.21667000000000003, 0.06180000000000001, 0.27937, 0.03453]
std_dev: 0.1657091913463664
49-th round
splits: [0, 5, 6, 7, 12, 24, 43]
x: [0.13665, 0.03368, 0.033670000000000005, 0.16347, 0.37190999999999996, 0.53045]
std_dev: 0.1993054040829467
50-th round
splits: [0, 2, 6, 18, 23, 27, 43]
x: [0.03545, 0.13488, 0.38308000000000003, 0.155, 0.12377, 0.43765000000000004]
std_dev: 0.1602101331897164
51-th round
splits: [0, 15, 29, 32, 37, 40, 43]
x: [0.46038000000000007, 0.43374999999999997, 0.09276000000000001, 0.15560000000000002, 0.09281, 0.03453]
std_dev: 0.186529298869284
52-th round
splits: [0, 3, 17, 21, 33, 34, 43]
x: [0.06926, 0.4531200000000001, 0.12383000000000001, 0.3723, 0.031030000000000002, 0.22029]
std_dev: 0.17017736693422741
53-th round
splits: [0, 9, 14, 20, 32, 36, 43]
x: [0.2714, 0.15804999999999997, 0.18580000000000002, 0.37164, 0.12463000000000002, 0.15831]
std_dev: 0.0928716106066147
54-th round
splits: [0, 2, 19, 36, 37, 38, 43]
x: [0.03545, 0.5488700000000001, 0.5272, 0.03097, 0.03099, 0.09634999999999999]
std_dev: 0.2541310520512333
55-th round
splits: [0, 5, 12, 18, 39, 42, 43]
x: [0.13665, 0.23082, 0.18594, 0.6509900000000002, 0.0641, 0.00133]
std_dev: 0.2305118793829652
56-th round
splits: [0, 5, 15, 17, 32, 42, 43]
x: [0.13665, 0.32373, 0.062, 0.46451, 0.28161, 0.00133]
std_dev: 0.17529924796377955
57-th round
splits: [0, 15, 17, 20, 27, 36, 43]
x: [0.46038000000000007, 0.062, 0.09287000000000001, 0.21693, 0.27934000000000003, 0.15831]
std_dev: 0.14548222783785886
58-th round
splits: [0, 4, 5, 15, 24, 39, 43]
x: [0.10301, 0.03364, 0.32373, 0.279, 0.46502, 0.06543]
std_dev: 0.17097649141524301
59-th round
splits: [0, 2, 7, 29, 37, 41, 43]
x: [0.03545, 0.16855, 0.6901300000000001, 0.24836000000000003, 0.12378, 0.0035600000000000002]
std_dev: 0.2506860062641445
60-th round
splits: [0, 8, 18, 21, 25, 37, 43]
x: [0.2377, 0.31571, 0.0928, 0.12412000000000001, 0.37216000000000005, 0.12734]
std_dev: 0.11503525101753231
61-th round
splits: [0, 10, 26, 27, 32, 40, 43]
x: [0.30506, 0.49621999999999994, 0.0309, 0.15471000000000001, 0.24841000000000002, 0.03453]
std_dev: 0.1779556294604547
62-th round
splits: [0, 15, 17, 19, 26, 28, 43]
x: [0.46038000000000007, 0.062, 0.06194, 0.21696000000000001, 0.061840000000000006, 0.40671]
std_dev: 0.18286303862909714
63-th round
splits: [0, 14, 15, 26, 36, 40, 43]
x: [0.42945000000000005, 0.03093, 0.3409, 0.31024, 0.12378, 0.03453]
std_dev: 0.17065446931348346
64-th round
splits: [0, 6, 7, 10, 18, 31, 43]
x: [0.17032999999999998, 0.033670000000000005, 0.10106, 0.24835000000000002, 0.40252000000000004, 0.3139]
std_dev: 0.13700195581329003
65-th round
splits: [0, 2, 14, 15, 23, 37, 43]
x: [0.03545, 0.3940000000000001, 0.03093, 0.24803, 0.43407999999999997, 0.12734]
std_dev: 0.17599117334874118
66-th round
splits: [0, 13, 19, 26, 27, 39, 43]
x: [0.39852000000000004, 0.1858, 0.21696000000000001, 0.0309, 0.37222000000000005, 0.06543]
std_dev: 0.15195419736442514
67-th round
splits: [0, 1, 2, 10, 12, 20, 43]
x: [0.0012, 0.03425, 0.26961, 0.06241000000000001, 0.24778, 0.6545800000000002]
std_dev: 0.2444930521235045
68-th round
splits: [0, 1, 7, 8, 11, 36, 43]
x: [0.0012, 0.2028, 0.0337, 0.0988, 0.7750199999999998, 0.15831]
std_dev: 0.28600690959602115
69-th round
splits: [0, 1, 5, 8, 19, 30, 43]
x: [0.0012, 0.13545000000000001, 0.10105, 0.34662, 0.34073000000000003, 0.34478]
std_dev: 0.15161144144379957
70-th round
splits: [0, 8, 11, 17, 25, 42, 43]
x: [0.2377, 0.0988, 0.18588, 0.24795, 0.49817000000000006, 0.00133]
std_dev: 0.16835897355551524
71-th round
splits: [0, 2, 12, 15, 24, 41, 43]
x: [0.03545, 0.33202000000000004, 0.09290999999999999, 0.279, 0.52689, 0.0035600000000000002]
std_dev: 0.20339532535598417
72-th round
splits: [0, 7, 12, 21, 33, 39, 43]
x: [0.204, 0.16347, 0.27874, 0.3723, 0.18589, 0.06543]
std_dev: 0.10462618284476724
73-th round
splits: [0, 12, 25, 37, 40, 42, 43]
x: [0.36747, 0.40285999999999994, 0.37216000000000005, 0.09281, 0.0332, 0.00133]
std_dev: 0.18804597644370555
74-th round
splits: [0, 1, 6, 21, 26, 30, 43]
x: [0.0012, 0.16913, 0.47588, 0.15507, 0.12377000000000002, 0.34478]
std_dev: 0.1700367211418365
75-th round
splits: [0, 4, 6, 11, 33, 38, 43]
x: [0.10301, 0.06732, 0.16617, 0.6820099999999999, 0.15497, 0.09634999999999999]
std_dev: 0.23342984816999443
76-th round
splits: [0, 10, 12, 16, 23, 34, 43]
x: [0.30506, 0.06241000000000001, 0.12383999999999999, 0.21710000000000002, 0.34113, 0.22029]
std_dev: 0.10543056813214403
77-th round
splits: [0, 11, 17, 23, 27, 30, 43]
x: [0.3365, 0.18588, 0.18603, 0.12377, 0.09287000000000001, 0.34478]
std_dev: 0.10626681390098541
78-th round
splits: [0, 9, 19, 23, 30, 37, 43]
x: [0.2714, 0.31292, 0.12409, 0.21664000000000003, 0.21744000000000002, 0.12734]
std_dev: 0.0757086897038026
79-th round
splits: [0, 13, 14, 30, 33, 41, 43]
x: [0.39852000000000004, 0.03093, 0.49559999999999993, 0.09346000000000002, 0.24776, 0.0035600000000000002]
std_dev: 0.20336271697798164
80-th round
splits: [0, 20, 22, 30, 33, 38, 43]
x: [0.6152500000000001, 0.06221, 0.24759000000000003, 0.09346000000000002, 0.15497, 0.09634999999999999]
std_dev: 0.2083230879587442
81-th round
splits: [0, 3, 7, 20, 30, 40, 43]
x: [0.06926, 0.13474000000000003, 0.41125, 0.3098, 0.31024999999999997, 0.03453]
std_dev: 0.15281171177847155
82-th round
splits: [0, 9, 13, 18, 34, 38, 43]
x: [0.2714, 0.12711999999999998, 0.15489, 0.49613, 0.12394000000000001, 0.09634999999999999]
std_dev: 0.1522189769268821
83-th round
splits: [0, 17, 20, 33, 34, 38, 43]
x: [0.5223800000000001, 0.09287000000000001, 0.40326, 0.031030000000000002, 0.12394000000000001, 0.09634999999999999]
std_dev: 0.20049285826848465
84-th round
splits: [0, 8, 12, 13, 25, 30, 43]
x: [0.2377, 0.12977, 0.03105, 0.3718099999999999, 0.15472000000000002, 0.34478]
std_dev: 0.13161697723571478
85-th round
splits: [0, 4, 11, 21, 28, 29, 43]
x: [0.10301, 0.23349, 0.30971, 0.21691000000000002, 0.031010000000000003, 0.37570000000000003]
std_dev: 0.127645037258276
86-th round
splits: [0, 3, 5, 27, 29, 40, 43]
x: [0.06926, 0.06739, 0.6955300000000002, 0.061950000000000005, 0.34117000000000003, 0.03453]
std_dev: 0.2629763213992216
87-th round
splits: [0, 2, 11, 14, 26, 38, 43]
x: [0.03545, 0.30105000000000004, 0.09295, 0.37182999999999994, 0.37220000000000003, 0.09634999999999999]
std_dev: 0.1535294851703303
88-th round
splits: [0, 13, 14, 28, 40, 42, 43]
x: [0.39852000000000004, 0.03093, 0.43366999999999994, 0.37218, 0.0332, 0.00133]
std_dev: 0.20915151478453764
89-th round
splits: [0, 1, 13, 14, 26, 35, 43]
x: [0.0012, 0.39732000000000006, 0.03093, 0.37182999999999994, 0.27932, 0.18923]
std_dev: 0.16861897086824681
90-th round
splits: [0, 6, 10, 24, 32, 38, 43]
x: [0.17032999999999998, 0.13473000000000002, 0.43432, 0.24751, 0.18659, 0.09634999999999999]
std_dev: 0.12034449724298435
91-th round
splits: [0, 7, 18, 20, 24, 34, 43]
x: [0.204, 0.34941, 0.06184, 0.12412999999999999, 0.31016, 0.22029]
std_dev: 0.10855228738569568
92-th round
splits: [0, 3, 20, 34, 35, 40, 43]
x: [0.06926, 0.5459900000000001, 0.43429, 0.03106, 0.1547, 0.03453]
std_dev: 0.2230938194945496
93-th round
splits: [0, 6, 12, 14, 25, 41, 43]
x: [0.17032999999999998, 0.19714, 0.06198, 0.34087999999999996, 0.49594000000000005, 0.0035600000000000002]
std_dev: 0.18173697239875727
94-th round
splits: [0, 4, 11, 29, 30, 33, 43]
x: [0.10301, 0.23349, 0.5576299999999998, 0.030920000000000003, 0.09346000000000002, 0.25132000000000004]
std_dev: 0.18983556710128544
95-th round
splits: [0, 4, 18, 27, 32, 39, 43]
x: [0.10301, 0.4504000000000001, 0.27877, 0.15471000000000001, 0.21751, 0.06543]
std_dev: 0.13997578167907002
96-th round
splits: [0, 21, 22, 23, 24, 36, 43]
x: [0.6462100000000001, 0.03125, 0.03095, 0.03097, 0.37213999999999997, 0.15831]
std_dev: 0.25111212670173194
97-th round
splits: [0, 4, 20, 24, 32, 40, 43]
x: [0.10301, 0.51224, 0.12412999999999999, 0.24751, 0.24841000000000002, 0.03453]
std_dev: 0.16960275875311306
98-th round
splits: [0, 8, 9, 26, 30, 40, 43]
x: [0.2377, 0.0337, 0.5298799999999999, 0.12377000000000002, 0.31024999999999997, 0.03453]
std_dev: 0.19101386645127796
99-th round
splits: [0, 12, 14, 36, 39, 41, 43]
x: [0.36747, 0.06198, 0.68207, 0.09288, 0.06187, 0.0035600000000000002]
std_dev: 0.26374903460802784
[0.16084730279574685, 0.2174772991754925, 0.14428111178067166, 0.2547385355549229, 0.1518643529491588, 0.17417630256916888, 0.2081451099994104, 0.32641514667163757, 0.1792454910358045, 0.265723388087437, 0.15168297470931488, 0.15893464561468865, 0.23663159564324174, 0.14369274350734162, 0.15339669089216582, 0.23940918323378207, 0.26475619376450227, 0.2164081426764406, 0.23732615957088818, 0.10599324967499894, 0.09225934498286158, 0.2523896838158539, 0.1592613516728609, 0.12148765260991204, 0.14876146778203914, 0.18496661216734941, 0.22632709810508034, 0.19297176232979443, 0.24866439249853742, 0.14188174236548784, 0.11866353162057272, 0.15135136318073472, 0.16684233532490086, 0.3555203321002424, 0.2559295973830824, 0.15373672032623395, 0.14791115298268304, 0.21635583231488506, 0.22958119613040323, 0.19792186007782633, 0.2592000921617634, 0.1859543727280073, 0.08738645556759166, 0.2600675530254912, 0.17595548760032087, 0.2022759261421553, 0.21812901709003935, 0.183706240222445, 0.1657091913463664, 0.1993054040829467, 0.1602101331897164, 0.186529298869284, 0.17017736693422741, 0.0928716106066147, 0.2541310520512333, 0.2305118793829652, 0.17529924796377955, 0.14548222783785886, 0.17097649141524301, 0.2506860062641445, 0.11503525101753231, 0.1779556294604547, 0.18286303862909714, 0.17065446931348346, 0.13700195581329003, 0.17599117334874118, 0.15195419736442514, 0.2444930521235045, 0.28600690959602115, 0.15161144144379957, 0.16835897355551524, 0.20339532535598417, 0.10462618284476724, 0.18804597644370555, 0.1700367211418365, 0.23342984816999443, 0.10543056813214403, 0.10626681390098541, 0.0757086897038026, 0.20336271697798164, 0.2083230879587442, 0.15281171177847155, 0.1522189769268821, 0.20049285826848465, 0.13161697723571478, 0.127645037258276, 0.2629763213992216, 0.1535294851703303, 0.20915151478453764, 0.16861897086824681, 0.12034449724298435, 0.10855228738569568, 0.2230938194945496, 0.18173697239875727, 0.18983556710128544, 0.13997578167907002, 0.25111212670173194, 0.16960275875311306, 0.19101386645127796, 0.26374903460802784]
